starting at Thu Dec 3 17:45:23 PST 2015 on c8-9
 starting mpi
 starting mpi
 starting mpi
 starting mpi
 
 Solving Mesh of size ixj:         501 x         501
 Number of processors:           4
 With MxN blocks:          10 x          10
 Number of blocks:         100
 Block size ixj:          51 x          51
 
 initializing
 Making mesh...

 Processor Load Weighting Factors:
 WGEOM=   1.0000000000000000      WCOMM=   13.504807692307692     

 SIZE = WGEOM*GEOM + WCOMM*COMM

 Block Load Factors:
       BLKID        GEOM        COMM        SIZE
           1        2500         104        3904
           2        2550         156        4656
           3        2550         156        4656
           4        2550         156        4656
           5        2550         156        4656
           6        2550         156        4656
           7        2550         156        4656
           8        2550         156        4656
           9        2550         156        4656
          10        2500         104        3904
          11        2550         156        4656
          12        2601         208        5410
          13        2601         208        5410
          14        2601         208        5410
          15        2601         208        5410
          16        2601         208        5410
          17        2601         208        5410
          18        2601         208        5410
          19        2601         208        5410
          20        2550         156        4656
          21        2550         156        4656
          22        2601         208        5410
          23        2601         208        5410
          24        2601         208        5410
          25        2601         208        5410
          26        2601         208        5410
          27        2601         208        5410
          28        2601         208        5410
          29        2601         208        5410
          30        2550         156        4656
          31        2550         156        4656
          32        2601         208        5410
          33        2601         208        5410
          34        2601         208        5410
          35        2601         208        5410
          36        2601         208        5410
          37        2601         208        5410
          38        2601         208        5410
          39        2601         208        5410
          40        2550         156        4656
          41        2550         156        4656
          42        2601         208        5410
          43        2601         208        5410
          44        2601         208        5410
          45        2601         208        5410
          46        2601         208        5410
          47        2601         208        5410
          48        2601         208        5410
          49        2601         208        5410
          50        2550         156        4656
          51        2550         156        4656
          52        2601         208        5410
          53        2601         208        5410
          54        2601         208        5410
          55        2601         208        5410
          56        2601         208        5410
          57        2601         208        5410
          58        2601         208        5410
          59        2601         208        5410
          60        2550         156        4656
          61        2550         156        4656
          62        2601         208        5410
          63        2601         208        5410
          64        2601         208        5410
          65        2601         208        5410
          66        2601         208        5410
          67        2601         208        5410
          68        2601         208        5410
          69        2601         208        5410
          70        2550         156        4656
          71        2550         156        4656
          72        2601         208        5410
          73        2601         208        5410
          74        2601         208        5410
          75        2601         208        5410
          76        2601         208        5410
          77        2601         208        5410
          78        2601         208        5410
          79        2601         208        5410
          80        2550         156        4656
          81        2550         156        4656
          82        2601         208        5410
          83        2601         208        5410
          84        2601         208        5410
          85        2601         208        5410
          86        2601         208        5410
          87        2601         208        5410
          88        2601         208        5410
          89        2601         208        5410
          90        2550         156        4656
          91        2500         104        3904
          92        2550         156        4656
          93        2550         156        4656
          94        2550         156        4656
          95        2550         156        4656
          96        2550         156        4656
          97        2550         156        4656
          98        2550         156        4656
          99        2550         156        4656
         100        2500         104        3904
  
 Blocks ordered by size, greatest to least, with sizes:
          89        5410
          88        5410
          87        5410
          86        5410
          85        5410
          84        5410
          83        5410
          82        5410
          79        5410
          78        5410
          77        5410
          76        5410
          75        5410
          74        5410
          73        5410
          72        5410
          69        5410
          68        5410
          67        5410
          66        5410
          65        5410
          64        5410
          63        5410
          62        5410
          59        5410
          58        5410
          57        5410
          56        5410
          55        5410
          54        5410
          53        5410
          52        5410
          49        5410
          48        5410
          47        5410
          46        5410
          45        5410
          44        5410
          43        5410
          42        5410
          39        5410
          38        5410
          37        5410
          36        5410
          35        5410
          34        5410
          33        5410
          32        5410
          29        5410
          28        5410
          27        5410
          26        5410
          25        5410
          24        5410
          23        5410
          22        5410
          19        5410
          18        5410
          17        5410
          16        5410
          15        5410
          14        5410
          13        5410
          12        5410
          99        4656
          98        4656
          97        4656
          96        4656
          95        4656
          94        4656
          93        4656
          92        4656
          90        4656
          81        4656
          80        4656
          71        4656
          70        4656
          61        4656
          60        4656
          51        4656
          50        4656
          41        4656
          40        4656
          31        4656
          30        4656
          21        4656
          20        4656
          11        4656
           9        4656
           8        4656
           7        4656
           6        4656
           5        4656
           4        4656
           3        4656
           2        4656
         100        3904
          91        3904
          10        3904
           1        3904
  
  
 Block ID assigned to Proc ID:
          89           0
          88           1
          87           2
          86           3
          85           0
          84           1
          83           2
          82           3
          79           0
          78           1
          77           2
          76           3
          75           0
          74           1
          73           2
          72           3
          69           0
          68           1
          67           2
          66           3
          65           0
          64           1
          63           2
          62           3
          59           0
          58           1
          57           2
          56           3
          55           0
          54           1
          53           2
          52           3
          49           0
          48           1
          47           2
          46           3
          45           0
          44           1
          43           2
          42           3
          39           0
          38           1
          37           2
          36           3
          35           0
          34           1
          33           2
          32           3
          29           0
          28           1
          27           2
          26           3
          25           0
          24           1
          23           2
          22           3
          19           0
          18           1
          17           2
          16           3
          15           0
          14           1
          13           2
          12           3
          99           0
          98           1
          97           2
          96           3
          95           0
          94           1
          93           2
          92           3
          90           0
          81           1
          80           2
          71           3
          70           0
          61           1
          60           2
          51           3
          50           0
          41           1
          40           2
          31           3
          30           0
          21           1
          20           2
          11           3
           9           0
           8           1
           7           2
           6           3
           5           0
           4           1
           3           2
           2           3
         100           0
          91           1
          10           2
           1           3

 Processor Load Balancing:
           ID LOAD BALANCE
           0   1.0000000000000000     
           1   1.0000000000000000     
           2   1.0000000000000000     
           3   1.0000000000000000     

 Initialize for proc            0
 Initialize for proc            2
 Initialize for proc            3
 Initialize for proc            1
 Solving heat conduction with Processor            2
 Solving heat conduction with Processor            0
 Solving heat conduction with Processor            1
 Solving heat conduction with Processor            3
 Writing results...
 CONVERGED (NUMBER OF ITERATIONS:       75128 )
           (MAXIMUM RESIDUAL    :   9.9999667101755702E-006 )
 Writing results...
 Writing results...
 Writing results...

 MAX RESIDUAL FOR PROCESSOR            0
 Found max residual of    1.3296698297909129E-002
 on block id          75
 At ij of          242         349

 MAX RESIDUAL FOR PROCESSOR            1
 Found max residual of    1.6050725873656187E-002
 on block id          74
 At ij of          192         349

 MAX RESIDUAL FOR PROCESSOR            2
 Found max residual of    1.6677517297645231E-002
 on block id          73
 At ij of          150         349

 MAX RESIDUAL FOR PROCESSOR            3
 Found max residual of    1.4747442001664734E-002
 on block id          72
 At ij of          100         349
